Starting to calculate weights 
...Finished calculating weights 
Elapsed time is 0.166830 seconds.
### N = 118 M = 929 Meff = 699.74 q = 21
Starting to calculate weights 
...Finished calculating weights 
Elapsed time is 0.042190 seconds.
### N = 118 M = 464 Meff = 392.35 q = 21
Starting to calculate weights 
...Finished calculating weights 
Elapsed time is 0.013325 seconds.
### N = 118 M = 232 Meff = 211.00 q = 21
Starting to calculate weights 
...Finished calculating weights 
Elapsed time is 0.006321 seconds.
### N = 118 M = 116 Meff = 114.00 q = 21
Starting to calculate weights 
...Finished calculating weights 
Elapsed time is 0.004198 seconds.
### N = 118 M = 58 Meff = 58.00 q = 21
Starting to calculate weights 
...Finished calculating weights 
Elapsed time is 0.003989 seconds.
### N = 118 M = 29 Meff = 29.00 q = 21
Starting to calculate weights 
...Finished calculating weights 
Elapsed time is 0.003661 seconds.
### N = 118 M = 14 Meff = 14.00 q = 21
Starting to calculate weights 
...Finished calculating weights 
Elapsed time is 0.003314 seconds.
### N = 118 M = 7 Meff = 7.00 q = 21
Starting to calculate weights 
...Finished calculating weights 
Elapsed time is 0.003241 seconds.
### N = 118 M = 3 Meff = 3.00 q = 21
Starting to calculate weights 
...Finished calculating weights 
Elapsed time is 0.002970 seconds.
### N = 118 M = 1 Meff = 1.00 q = 21
Starting to calculate weights 
...Finished calculating weights 
Elapsed time is 0.167034 seconds.
### N = 118 M = 929 Meff = 699.74 q = 21
Starting to calculate weights 
...Finished calculating weights 
Elapsed time is 0.041192 seconds.
### N = 118 M = 464 Meff = 388.10 q = 21
Starting to calculate weights 
...Finished calculating weights 
Elapsed time is 0.013319 seconds.
### N = 118 M = 232 Meff = 211.00 q = 21
Starting to calculate weights 
...Finished calculating weights 
Elapsed time is 0.006073 seconds.
### N = 118 M = 116 Meff = 113.00 q = 21
Starting to calculate weights 
...Finished calculating weights 
Elapsed time is 0.004216 seconds.
### N = 118 M = 58 Meff = 57.00 q = 21
Starting to calculate weights 
...Finished calculating weights 
Elapsed time is 0.003762 seconds.
### N = 118 M = 29 Meff = 29.00 q = 21
Starting to calculate weights 
...Finished calculating weights 
Elapsed time is 0.003437 seconds.
### N = 118 M = 14 Meff = 14.00 q = 21
Starting to calculate weights 
...Finished calculating weights 
Elapsed time is 0.003301 seconds.
### N = 118 M = 7 Meff = 7.00 q = 21
Starting to calculate weights 
...Finished calculating weights 
Elapsed time is 0.003270 seconds.
### N = 118 M = 3 Meff = 3.00 q = 21
Starting to calculate weights 
...Finished calculating weights 
Elapsed time is 0.002991 seconds.
### N = 118 M = 1 Meff = 1.00 q = 21
Starting to calculate weights 
...Finished calculating weights 
Elapsed time is 0.161870 seconds.
### N = 118 M = 929 Meff = 699.74 q = 21
Starting to calculate weights 
...Finished calculating weights 
Elapsed time is 0.041088 seconds.
### N = 118 M = 464 Meff = 382.87 q = 21
Starting to calculate weights 
...Finished calculating weights 
Elapsed time is 0.013164 seconds.
### N = 118 M = 232 Meff = 208.00 q = 21
Starting to calculate weights 
...Finished calculating weights 
Elapsed time is 0.006114 seconds.
### N = 118 M = 116 Meff = 109.00 q = 21
Starting to calculate weights 
...Finished calculating weights 
Elapsed time is 0.004259 seconds.
### N = 118 M = 58 Meff = 58.00 q = 21
Starting to calculate weights 
...Finished calculating weights 
Elapsed time is 0.003819 seconds.
### N = 118 M = 29 Meff = 29.00 q = 21
Starting to calculate weights 
...Finished calculating weights 
Elapsed time is 0.003617 seconds.
### N = 118 M = 14 Meff = 14.00 q = 21
Starting to calculate weights 
...Finished calculating weights 
Elapsed time is 0.003330 seconds.
### N = 118 M = 7 Meff = 7.00 q = 21
Starting to calculate weights 
...Finished calculating weights 
Elapsed time is 0.003290 seconds.
### N = 118 M = 3 Meff = 3.00 q = 21
Starting to calculate weights 
...Finished calculating weights 
Elapsed time is 0.003030 seconds.
### N = 118 M = 1 Meff = 1.00 q = 21
Starting to calculate weights 
...Finished calculating weights 
Elapsed time is 0.160839 seconds.
### N = 118 M = 929 Meff = 699.74 q = 21
Starting to calculate weights 
...Finished calculating weights 
Elapsed time is 0.041440 seconds.
### N = 118 M = 464 Meff = 392.92 q = 21
Starting to calculate weights 
...Finished calculating weights 
Elapsed time is 0.013404 seconds.
### N = 118 M = 232 Meff = 214.33 q = 21
Starting to calculate weights 
...Finished calculating weights 
Elapsed time is 0.006603 seconds.
### N = 118 M = 116 Meff = 113.00 q = 21
Starting to calculate weights 
...Finished calculating weights 
Elapsed time is 0.004308 seconds.
### N = 118 M = 58 Meff = 58.00 q = 21
Starting to calculate weights 
...Finished calculating weights 
Elapsed time is 0.005073 seconds.
### N = 118 M = 29 Meff = 29.00 q = 21
Starting to calculate weights 
...Finished calculating weights 
Elapsed time is 0.003533 seconds.
### N = 118 M = 14 Meff = 14.00 q = 21
Starting to calculate weights 
...Finished calculating weights 
Elapsed time is 0.003253 seconds.
### N = 118 M = 7 Meff = 7.00 q = 21
Starting to calculate weights 
...Finished calculating weights 
Elapsed time is 0.003302 seconds.
### N = 118 M = 3 Meff = 3.00 q = 21
Starting to calculate weights 
...Finished calculating weights 
Elapsed time is 0.003029 seconds.
### N = 118 M = 1 Meff = 1.00 q = 21
Starting to calculate weights 
...Finished calculating weights 
Elapsed time is 0.174835 seconds.
### N = 118 M = 929 Meff = 699.74 q = 21
Starting to calculate weights 
...Finished calculating weights 
Elapsed time is 0.040055 seconds.
### N = 118 M = 464 Meff = 390.42 q = 21
Starting to calculate weights 
...Finished calculating weights 
Elapsed time is 0.013061 seconds.
### N = 118 M = 232 Meff = 209.00 q = 21
Starting to calculate weights 
...Finished calculating weights 
Elapsed time is 0.006094 seconds.
### N = 118 M = 116 Meff = 112.00 q = 21
Starting to calculate weights 
...Finished calculating weights 
Elapsed time is 0.004200 seconds.
### N = 118 M = 58 Meff = 57.00 q = 21
Starting to calculate weights 
...Finished calculating weights 
Elapsed time is 0.003757 seconds.
### N = 118 M = 29 Meff = 29.00 q = 21
Starting to calculate weights 
...Finished calculating weights 
Elapsed time is 0.003592 seconds.
### N = 118 M = 14 Meff = 14.00 q = 21
Starting to calculate weights 
...Finished calculating weights 
Elapsed time is 0.003544 seconds.
### N = 118 M = 7 Meff = 7.00 q = 21
Starting to calculate weights 
...Finished calculating weights 
Elapsed time is 0.003275 seconds.
### N = 118 M = 3 Meff = 3.00 q = 21
Starting to calculate weights 
...Finished calculating weights 
Elapsed time is 0.003094 seconds.
### N = 118 M = 1 Meff = 1.00 q = 21
Starting to calculate weights 
...Finished calculating weights 
Elapsed time is 0.165841 seconds.
### N = 118 M = 929 Meff = 699.74 q = 21
Starting to calculate weights 
...Finished calculating weights 
Elapsed time is 0.042200 seconds.
### N = 118 M = 464 Meff = 392.12 q = 21
Starting to calculate weights 
...Finished calculating weights 
Elapsed time is 0.013439 seconds.
### N = 118 M = 232 Meff = 204.33 q = 21
Starting to calculate weights 
...Finished calculating weights 
Elapsed time is 0.006498 seconds.
### N = 118 M = 116 Meff = 109.33 q = 21
Starting to calculate weights 
...Finished calculating weights 
Elapsed time is 0.004212 seconds.
### N = 118 M = 58 Meff = 56.00 q = 21
Starting to calculate weights 
...Finished calculating weights 
Elapsed time is 0.003896 seconds.
### N = 118 M = 29 Meff = 29.00 q = 21
Starting to calculate weights 
...Finished calculating weights 
Elapsed time is 0.004773 seconds.
### N = 118 M = 14 Meff = 14.00 q = 21
Starting to calculate weights 
...Finished calculating weights 
Elapsed time is 0.003306 seconds.
### N = 118 M = 7 Meff = 7.00 q = 21
Starting to calculate weights 
...Finished calculating weights 
Elapsed time is 0.003339 seconds.
### N = 118 M = 3 Meff = 3.00 q = 21
Starting to calculate weights 
...Finished calculating weights 
Elapsed time is 0.003088 seconds.
### N = 118 M = 1 Meff = 1.00 q = 21
Starting to calculate weights 
...Finished calculating weights 
Elapsed time is 0.171052 seconds.
### N = 118 M = 929 Meff = 699.74 q = 21
Starting to calculate weights 
...Finished calculating weights 
Elapsed time is 0.041165 seconds.
### N = 118 M = 464 Meff = 395.23 q = 21
Starting to calculate weights 
...Finished calculating weights 
Elapsed time is 0.013091 seconds.
### N = 118 M = 232 Meff = 209.00 q = 21
Starting to calculate weights 
...Finished calculating weights 
Elapsed time is 0.006252 seconds.
### N = 118 M = 116 Meff = 108.00 q = 21
Starting to calculate weights 
...Finished calculating weights 
Elapsed time is 0.004277 seconds.
### N = 118 M = 58 Meff = 56.00 q = 21
Starting to calculate weights 
...Finished calculating weights 
Elapsed time is 0.003854 seconds.
### N = 118 M = 29 Meff = 29.00 q = 21
Starting to calculate weights 
...Finished calculating weights 
Elapsed time is 0.003691 seconds.
### N = 118 M = 14 Meff = 14.00 q = 21
Starting to calculate weights 
...Finished calculating weights 
Elapsed time is 0.003370 seconds.
### N = 118 M = 7 Meff = 7.00 q = 21
Starting to calculate weights 
...Finished calculating weights 
Elapsed time is 0.003269 seconds.
### N = 118 M = 3 Meff = 3.00 q = 21
Starting to calculate weights 
...Finished calculating weights 
Elapsed time is 0.002988 seconds.
### N = 118 M = 1 Meff = 1.00 q = 21
Starting to calculate weights 
...Finished calculating weights 
Elapsed time is 0.169399 seconds.
### N = 118 M = 929 Meff = 699.74 q = 21
Starting to calculate weights 
...Finished calculating weights 
Elapsed time is 0.041884 seconds.
### N = 118 M = 464 Meff = 387.95 q = 21
Starting to calculate weights 
...Finished calculating weights 
Elapsed time is 0.013752 seconds.
### N = 118 M = 232 Meff = 200.75 q = 21
Starting to calculate weights 
...Finished calculating weights 
Elapsed time is 0.006179 seconds.
### N = 118 M = 116 Meff = 103.00 q = 21
Starting to calculate weights 
...Finished calculating weights 
Elapsed time is 0.004503 seconds.
### N = 118 M = 58 Meff = 57.00 q = 21
Starting to calculate weights 
...Finished calculating weights 
Elapsed time is 0.003703 seconds.
### N = 118 M = 29 Meff = 29.00 q = 21
Starting to calculate weights 
...Finished calculating weights 
Elapsed time is 0.003637 seconds.
### N = 118 M = 14 Meff = 14.00 q = 21
Starting to calculate weights 
...Finished calculating weights 
Elapsed time is 0.003379 seconds.
### N = 118 M = 7 Meff = 7.00 q = 21
Starting to calculate weights 
...Finished calculating weights 
Elapsed time is 0.003227 seconds.
### N = 118 M = 3 Meff = 3.00 q = 21
Starting to calculate weights 
...Finished calculating weights 
Elapsed time is 0.002972 seconds.
### N = 118 M = 1 Meff = 1.00 q = 21
Starting to calculate weights 
...Finished calculating weights 
Elapsed time is 0.161336 seconds.
### N = 118 M = 929 Meff = 699.74 q = 21
Starting to calculate weights 
...Finished calculating weights 
Elapsed time is 0.052404 seconds.
### N = 118 M = 464 Meff = 382.18 q = 21
Starting to calculate weights 
...Finished calculating weights 
Elapsed time is 0.013298 seconds.
### N = 118 M = 232 Meff = 202.33 q = 21
Starting to calculate weights 
...Finished calculating weights 
Elapsed time is 0.006089 seconds.
### N = 118 M = 116 Meff = 109.00 q = 21
Starting to calculate weights 
...Finished calculating weights 
Elapsed time is 0.004176 seconds.
### N = 118 M = 58 Meff = 57.00 q = 21
Starting to calculate weights 
...Finished calculating weights 
Elapsed time is 0.006112 seconds.
### N = 118 M = 29 Meff = 28.00 q = 21
Starting to calculate weights 
...Finished calculating weights 
Elapsed time is 0.003503 seconds.
### N = 118 M = 14 Meff = 14.00 q = 21
Starting to calculate weights 
...Finished calculating weights 
Elapsed time is 0.003244 seconds.
### N = 118 M = 7 Meff = 7.00 q = 21
Starting to calculate weights 
...Finished calculating weights 
Elapsed time is 0.003300 seconds.
### N = 118 M = 3 Meff = 3.00 q = 21
Starting to calculate weights 
...Finished calculating weights 
Elapsed time is 0.003117 seconds.
### N = 118 M = 1 Meff = 1.00 q = 21
Starting to calculate weights 
...Finished calculating weights 
Elapsed time is 0.169569 seconds.
### N = 118 M = 929 Meff = 699.74 q = 21
Starting to calculate weights 
...Finished calculating weights 
Elapsed time is 0.041807 seconds.
### N = 118 M = 464 Meff = 391.90 q = 21
Starting to calculate weights 
...Finished calculating weights 
Elapsed time is 0.013887 seconds.
### N = 118 M = 232 Meff = 215.00 q = 21
Starting to calculate weights 
...Finished calculating weights 
Elapsed time is 0.006237 seconds.
### N = 118 M = 116 Meff = 112.00 q = 21
Starting to calculate weights 
...Finished calculating weights 
Elapsed time is 0.004213 seconds.
### N = 118 M = 58 Meff = 58.00 q = 21
Starting to calculate weights 
...Finished calculating weights 
Elapsed time is 0.004153 seconds.
### N = 118 M = 29 Meff = 29.00 q = 21
Starting to calculate weights 
...Finished calculating weights 
Elapsed time is 0.003594 seconds.
### N = 118 M = 14 Meff = 14.00 q = 21
Starting to calculate weights 
...Finished calculating weights 
Elapsed time is 0.003412 seconds.
### N = 118 M = 7 Meff = 7.00 q = 21
Starting to calculate weights 
...Finished calculating weights 
Elapsed time is 0.003726 seconds.
### N = 118 M = 3 Meff = 3.00 q = 21
Starting to calculate weights 
...Finished calculating weights 
Elapsed time is 0.003095 seconds.
### N = 118 M = 1 Meff = 1.00 q = 21
Starting to calculate weights 
...Finished calculating weights 
Elapsed time is 0.168604 seconds.
### N = 118 M = 929 Meff = 699.74 q = 21
Starting to calculate weights 
...Finished calculating weights 
Elapsed time is 0.041574 seconds.
### N = 118 M = 464 Meff = 382.53 q = 21
Starting to calculate weights 
...Finished calculating weights 
Elapsed time is 0.013413 seconds.
### N = 118 M = 232 Meff = 211.00 q = 21
Starting to calculate weights 
...Finished calculating weights 
Elapsed time is 0.006113 seconds.
### N = 118 M = 116 Meff = 109.00 q = 21
Starting to calculate weights 
...Finished calculating weights 
Elapsed time is 0.004220 seconds.
### N = 118 M = 58 Meff = 56.00 q = 21
Starting to calculate weights 
...Finished calculating weights 
Elapsed time is 0.005179 seconds.
### N = 118 M = 29 Meff = 29.00 q = 21
Starting to calculate weights 
...Finished calculating weights 
Elapsed time is 0.003425 seconds.
### N = 118 M = 14 Meff = 14.00 q = 21
Starting to calculate weights 
...Finished calculating weights 
Elapsed time is 0.003249 seconds.
### N = 118 M = 7 Meff = 7.00 q = 21
Starting to calculate weights 
...Finished calculating weights 
Elapsed time is 0.003304 seconds.
### N = 118 M = 3 Meff = 3.00 q = 21
Starting to calculate weights 
...Finished calculating weights 
Elapsed time is 0.003173 seconds.
### N = 118 M = 1 Meff = 1.00 q = 21
Starting to calculate weights 
...Finished calculating weights 
Elapsed time is 0.167554 seconds.
### N = 118 M = 929 Meff = 699.74 q = 21
Starting to calculate weights 
...Finished calculating weights 
Elapsed time is 0.040641 seconds.
### N = 118 M = 464 Meff = 386.07 q = 21
Starting to calculate weights 
...Finished calculating weights 
Elapsed time is 0.013435 seconds.
### N = 118 M = 232 Meff = 208.00 q = 21
Starting to calculate weights 
...Finished calculating weights 
Elapsed time is 0.006885 seconds.
### N = 118 M = 116 Meff = 107.00 q = 21
Starting to calculate weights 
...Finished calculating weights 
Elapsed time is 0.004422 seconds.
### N = 118 M = 58 Meff = 57.00 q = 21
Starting to calculate weights 
...Finished calculating weights 
Elapsed time is 0.003721 seconds.
### N = 118 M = 29 Meff = 28.00 q = 21
Starting to calculate weights 
...Finished calculating weights 
Elapsed time is 0.003579 seconds.
### N = 118 M = 14 Meff = 13.00 q = 21
Starting to calculate weights 
...Finished calculating weights 
Elapsed time is 0.003350 seconds.
### N = 118 M = 7 Meff = 7.00 q = 21
Starting to calculate weights 
...Finished calculating weights 
Elapsed time is 0.003265 seconds.
### N = 118 M = 3 Meff = 3.00 q = 21
Starting to calculate weights 
...Finished calculating weights 
Elapsed time is 0.003072 seconds.
### N = 118 M = 1 Meff = 1.00 q = 21
Starting to calculate weights 
...Finished calculating weights 
Elapsed time is 0.163603 seconds.
### N = 118 M = 929 Meff = 699.74 q = 21
Starting to calculate weights 
...Finished calculating weights 
Elapsed time is 0.041378 seconds.
### N = 118 M = 464 Meff = 387.38 q = 21
Starting to calculate weights 
...Finished calculating weights 
Elapsed time is 0.013199 seconds.
### N = 118 M = 232 Meff = 210.33 q = 21
Starting to calculate weights 
...Finished calculating weights 
Elapsed time is 0.006208 seconds.
### N = 118 M = 116 Meff = 111.00 q = 21
Starting to calculate weights 
...Finished calculating weights 
Elapsed time is 0.005591 seconds.
### N = 118 M = 58 Meff = 57.00 q = 21
Starting to calculate weights 
...Finished calculating weights 
Elapsed time is 0.003777 seconds.
### N = 118 M = 29 Meff = 29.00 q = 21
Starting to calculate weights 
...Finished calculating weights 
Elapsed time is 0.003432 seconds.
### N = 118 M = 14 Meff = 14.00 q = 21
Starting to calculate weights 
...Finished calculating weights 
Elapsed time is 0.003346 seconds.
### N = 118 M = 7 Meff = 7.00 q = 21
Starting to calculate weights 
...Finished calculating weights 
Elapsed time is 0.003348 seconds.
### N = 118 M = 3 Meff = 3.00 q = 21
Starting to calculate weights 
...Finished calculating weights 
Elapsed time is 0.003134 seconds.
### N = 118 M = 1 Meff = 1.00 q = 21
Starting to calculate weights 
...Finished calculating weights 
Elapsed time is 0.170067 seconds.
### N = 118 M = 929 Meff = 699.74 q = 21
Starting to calculate weights 
...Finished calculating weights 
Elapsed time is 0.041713 seconds.
### N = 118 M = 464 Meff = 391.05 q = 21
Starting to calculate weights 
...Finished calculating weights 
Elapsed time is 0.013388 seconds.
### N = 118 M = 232 Meff = 205.08 q = 21
Starting to calculate weights 
...Finished calculating weights 
Elapsed time is 0.006119 seconds.
### N = 118 M = 116 Meff = 108.00 q = 21
Starting to calculate weights 
...Finished calculating weights 
Elapsed time is 0.004171 seconds.
### N = 118 M = 58 Meff = 55.00 q = 21
Starting to calculate weights 
...Finished calculating weights 
Elapsed time is 0.003866 seconds.
### N = 118 M = 29 Meff = 28.00 q = 21
Starting to calculate weights 
...Finished calculating weights 
Elapsed time is 0.003574 seconds.
### N = 118 M = 14 Meff = 14.00 q = 21
Starting to calculate weights 
...Finished calculating weights 
Elapsed time is 0.003329 seconds.
### N = 118 M = 7 Meff = 7.00 q = 21
Starting to calculate weights 
...Finished calculating weights 
Elapsed time is 0.003311 seconds.
### N = 118 M = 3 Meff = 3.00 q = 21
Starting to calculate weights 
...Finished calculating weights 
Elapsed time is 0.003025 seconds.
### N = 118 M = 1 Meff = 1.00 q = 21
Starting to calculate weights 
...Finished calculating weights 
Elapsed time is 0.161341 seconds.
### N = 118 M = 929 Meff = 699.74 q = 21
Starting to calculate weights 
...Finished calculating weights 
Elapsed time is 0.040999 seconds.
### N = 118 M = 464 Meff = 399.57 q = 21
Starting to calculate weights 
...Finished calculating weights 
Elapsed time is 0.013306 seconds.
### N = 118 M = 232 Meff = 215.00 q = 21
Starting to calculate weights 
...Finished calculating weights 
Elapsed time is 0.006051 seconds.
### N = 118 M = 116 Meff = 111.00 q = 21
Starting to calculate weights 
...Finished calculating weights 
Elapsed time is 0.004033 seconds.
### N = 118 M = 58 Meff = 56.00 q = 21
Starting to calculate weights 
...Finished calculating weights 
Elapsed time is 0.005053 seconds.
### N = 118 M = 29 Meff = 29.00 q = 21
Starting to calculate weights 
...Finished calculating weights 
Elapsed time is 0.003454 seconds.
### N = 118 M = 14 Meff = 14.00 q = 21
Starting to calculate weights 
...Finished calculating weights 
Elapsed time is 0.003247 seconds.
### N = 118 M = 7 Meff = 7.00 q = 21
Starting to calculate weights 
...Finished calculating weights 
Elapsed time is 0.003403 seconds.
### N = 118 M = 3 Meff = 3.00 q = 21
Starting to calculate weights 
...Finished calculating weights 
Elapsed time is 0.003046 seconds.
### N = 118 M = 1 Meff = 1.00 q = 21
Starting to calculate weights 
...Finished calculating weights 
Elapsed time is 0.160889 seconds.
### N = 118 M = 929 Meff = 699.74 q = 21
Starting to calculate weights 
...Finished calculating weights 
Elapsed time is 0.060542 seconds.
### N = 118 M = 464 Meff = 389.80 q = 21
Starting to calculate weights 
...Finished calculating weights 
Elapsed time is 0.013293 seconds.
### N = 118 M = 232 Meff = 209.23 q = 21
Starting to calculate weights 
...Finished calculating weights 
Elapsed time is 0.006143 seconds.
### N = 118 M = 116 Meff = 110.00 q = 21
Starting to calculate weights 
...Finished calculating weights 
Elapsed time is 0.004252 seconds.
### N = 118 M = 58 Meff = 56.00 q = 21
Starting to calculate weights 
...Finished calculating weights 
Elapsed time is 0.003933 seconds.
### N = 118 M = 29 Meff = 28.00 q = 21
Starting to calculate weights 
...Finished calculating weights 
Elapsed time is 0.003574 seconds.
### N = 118 M = 14 Meff = 13.00 q = 21
Starting to calculate weights 
...Finished calculating weights 
Elapsed time is 0.003301 seconds.
### N = 118 M = 7 Meff = 7.00 q = 21
Starting to calculate weights 
...Finished calculating weights 
Elapsed time is 0.003356 seconds.
### N = 118 M = 3 Meff = 3.00 q = 21
Starting to calculate weights 
...Finished calculating weights 
Elapsed time is 0.002995 seconds.
### N = 118 M = 1 Meff = 1.00 q = 21
Starting to calculate weights 
...Finished calculating weights 
Elapsed time is 0.173955 seconds.
### N = 118 M = 929 Meff = 699.74 q = 21
Starting to calculate weights 
...Finished calculating weights 
Elapsed time is 0.042415 seconds.
### N = 118 M = 464 Meff = 385.24 q = 21
Starting to calculate weights 
...Finished calculating weights 
Elapsed time is 0.013038 seconds.
### N = 118 M = 232 Meff = 211.00 q = 21
Starting to calculate weights 
...Finished calculating weights 
Elapsed time is 0.006097 seconds.
### N = 118 M = 116 Meff = 112.00 q = 21
Starting to calculate weights 
...Finished calculating weights 
Elapsed time is 0.004465 seconds.
### N = 118 M = 58 Meff = 58.00 q = 21
Starting to calculate weights 
...Finished calculating weights 
Elapsed time is 0.003768 seconds.
### N = 118 M = 29 Meff = 29.00 q = 21
Starting to calculate weights 
...Finished calculating weights 
Elapsed time is 0.003517 seconds.
### N = 118 M = 14 Meff = 14.00 q = 21
Starting to calculate weights 
...Finished calculating weights 
Elapsed time is 0.003314 seconds.
### N = 118 M = 7 Meff = 7.00 q = 21
Starting to calculate weights 
...Finished calculating weights 
Elapsed time is 0.003371 seconds.
### N = 118 M = 3 Meff = 3.00 q = 21
Starting to calculate weights 
...Finished calculating weights 
Elapsed time is 0.002990 seconds.
### N = 118 M = 1 Meff = 1.00 q = 21
Starting to calculate weights 
...Finished calculating weights 
Elapsed time is 0.162363 seconds.
### N = 118 M = 929 Meff = 699.74 q = 21
Starting to calculate weights 
...Finished calculating weights 
Elapsed time is 0.040493 seconds.
### N = 118 M = 464 Meff = 386.58 q = 21
Starting to calculate weights 
...Finished calculating weights 
Elapsed time is 0.013941 seconds.
### N = 118 M = 232 Meff = 208.00 q = 21
Starting to calculate weights 
...Finished calculating weights 
Elapsed time is 0.008286 seconds.
### N = 118 M = 116 Meff = 108.00 q = 21
Starting to calculate weights 
...Finished calculating weights 
Elapsed time is 0.004563 seconds.
### N = 118 M = 58 Meff = 57.00 q = 21
Starting to calculate weights 
...Finished calculating weights 
Elapsed time is 0.005108 seconds.
### N = 118 M = 29 Meff = 29.00 q = 21
Starting to calculate weights 
...Finished calculating weights 
Elapsed time is 0.003564 seconds.
### N = 118 M = 14 Meff = 14.00 q = 21
Starting to calculate weights 
...Finished calculating weights 
Elapsed time is 0.003390 seconds.
### N = 118 M = 7 Meff = 7.00 q = 21
Starting to calculate weights 
...Finished calculating weights 
Elapsed time is 0.003383 seconds.
### N = 118 M = 3 Meff = 3.00 q = 21
Starting to calculate weights 
...Finished calculating weights 
Elapsed time is 0.003094 seconds.
### N = 118 M = 1 Meff = 1.00 q = 21
Starting to calculate weights 
...Finished calculating weights 
Elapsed time is 0.171215 seconds.
### N = 118 M = 929 Meff = 699.74 q = 21
Starting to calculate weights 
...Finished calculating weights 
Elapsed time is 0.058268 seconds.
### N = 118 M = 464 Meff = 393.67 q = 21
Starting to calculate weights 
...Finished calculating weights 
Elapsed time is 0.013056 seconds.
### N = 118 M = 232 Meff = 215.75 q = 21
Starting to calculate weights 
...Finished calculating weights 
Elapsed time is 0.006240 seconds.
### N = 118 M = 116 Meff = 111.00 q = 21
Starting to calculate weights 
...Finished calculating weights 
Elapsed time is 0.004184 seconds.
### N = 118 M = 58 Meff = 57.00 q = 21
Starting to calculate weights 
...Finished calculating weights 
Elapsed time is 0.003719 seconds.
### N = 118 M = 29 Meff = 29.00 q = 21
Starting to calculate weights 
...Finished calculating weights 
Elapsed time is 0.003543 seconds.
### N = 118 M = 14 Meff = 14.00 q = 21
Starting to calculate weights 
...Finished calculating weights 
Elapsed time is 0.003390 seconds.
### N = 118 M = 7 Meff = 7.00 q = 21
Starting to calculate weights 
...Finished calculating weights 
Elapsed time is 0.003293 seconds.
### N = 118 M = 3 Meff = 3.00 q = 21
Starting to calculate weights 
...Finished calculating weights 
Elapsed time is 0.003030 seconds.
### N = 118 M = 1 Meff = 1.00 q = 21
Starting to calculate weights 
...Finished calculating weights 
Elapsed time is 0.159740 seconds.
### N = 118 M = 929 Meff = 699.74 q = 21
Starting to calculate weights 
...Finished calculating weights 
Elapsed time is 0.041852 seconds.
### N = 118 M = 464 Meff = 391.32 q = 21
Starting to calculate weights 
...Finished calculating weights 
Elapsed time is 0.013234 seconds.
### N = 118 M = 232 Meff = 209.67 q = 21
Starting to calculate weights 
...Finished calculating weights 
Elapsed time is 0.006137 seconds.
### N = 118 M = 116 Meff = 107.00 q = 21
Starting to calculate weights 
...Finished calculating weights 
Elapsed time is 0.004170 seconds.
### N = 118 M = 58 Meff = 55.00 q = 21
Starting to calculate weights 
...Finished calculating weights 
Elapsed time is 0.003784 seconds.
### N = 118 M = 29 Meff = 29.00 q = 21
Starting to calculate weights 
...Finished calculating weights 
Elapsed time is 0.005144 seconds.
### N = 118 M = 14 Meff = 14.00 q = 21
Starting to calculate weights 
...Finished calculating weights 
Elapsed time is 0.003239 seconds.
### N = 118 M = 7 Meff = 7.00 q = 21
Starting to calculate weights 
...Finished calculating weights 
Elapsed time is 0.003387 seconds.
### N = 118 M = 3 Meff = 3.00 q = 21
Starting to calculate weights 
...Finished calculating weights 
Elapsed time is 0.002941 seconds.
### N = 118 M = 1 Meff = 1.00 q = 21
Starting to calculate weights 
...Finished calculating weights 
Elapsed time is 0.167165 seconds.
### N = 118 M = 929 Meff = 699.74 q = 21
Starting to calculate weights 
...Finished calculating weights 
Elapsed time is 0.041008 seconds.
### N = 118 M = 464 Meff = 387.40 q = 21
Starting to calculate weights 
...Finished calculating weights 
Elapsed time is 0.014047 seconds.
### N = 118 M = 232 Meff = 199.75 q = 21
Starting to calculate weights 
...Finished calculating weights 
Elapsed time is 0.006145 seconds.
### N = 118 M = 116 Meff = 107.00 q = 21
Starting to calculate weights 
...Finished calculating weights 
Elapsed time is 0.004335 seconds.
### N = 118 M = 58 Meff = 56.00 q = 21
Starting to calculate weights 
...Finished calculating weights 
Elapsed time is 0.003750 seconds.
### N = 118 M = 29 Meff = 29.00 q = 21
Starting to calculate weights 
...Finished calculating weights 
Elapsed time is 0.003528 seconds.
### N = 118 M = 14 Meff = 14.00 q = 21
Starting to calculate weights 
...Finished calculating weights 
Elapsed time is 0.003379 seconds.
### N = 118 M = 7 Meff = 7.00 q = 21
Starting to calculate weights 
...Finished calculating weights 
Elapsed time is 0.003326 seconds.
### N = 118 M = 3 Meff = 3.00 q = 21
Starting to calculate weights 
...Finished calculating weights 
Elapsed time is 0.002988 seconds.
### N = 118 M = 1 Meff = 1.00 q = 21
Starting to calculate weights 
...Finished calculating weights 
Elapsed time is 0.169237 seconds.
### N = 118 M = 929 Meff = 699.74 q = 21
Starting to calculate weights 
...Finished calculating weights 
Elapsed time is 0.041024 seconds.
### N = 118 M = 464 Meff = 372.65 q = 21
Starting to calculate weights 
...Finished calculating weights 
Elapsed time is 0.013263 seconds.
### N = 118 M = 232 Meff = 205.62 q = 21
Starting to calculate weights 
...Finished calculating weights 
Elapsed time is 0.006080 seconds.
### N = 118 M = 116 Meff = 107.00 q = 21
Starting to calculate weights 
...Finished calculating weights 
Elapsed time is 0.004435 seconds.
### N = 118 M = 58 Meff = 55.00 q = 21
Starting to calculate weights 
...Finished calculating weights 
Elapsed time is 0.003938 seconds.
### N = 118 M = 29 Meff = 29.00 q = 21
Starting to calculate weights 
...Finished calculating weights 
Elapsed time is 0.003534 seconds.
### N = 118 M = 14 Meff = 14.00 q = 21
Starting to calculate weights 
...Finished calculating weights 
Elapsed time is 0.003252 seconds.
### N = 118 M = 7 Meff = 7.00 q = 21
Starting to calculate weights 
...Finished calculating weights 
Elapsed time is 0.003372 seconds.
### N = 118 M = 3 Meff = 3.00 q = 21
Starting to calculate weights 
...Finished calculating weights 
Elapsed time is 0.003158 seconds.
### N = 118 M = 1 Meff = 1.00 q = 21
Starting to calculate weights 
...Finished calculating weights 
Elapsed time is 0.163682 seconds.
### N = 118 M = 929 Meff = 699.74 q = 21
Starting to calculate weights 
...Finished calculating weights 
Elapsed time is 0.040463 seconds.
### N = 118 M = 464 Meff = 388.77 q = 21
Starting to calculate weights 
...Finished calculating weights 
Elapsed time is 0.013280 seconds.
### N = 118 M = 232 Meff = 206.33 q = 21
Starting to calculate weights 
...Finished calculating weights 
Elapsed time is 0.006173 seconds.
### N = 118 M = 116 Meff = 109.00 q = 21
Starting to calculate weights 
...Finished calculating weights 
Elapsed time is 0.004212 seconds.
### N = 118 M = 58 Meff = 57.00 q = 21
Starting to calculate weights 
...Finished calculating weights 
Elapsed time is 0.003782 seconds.
### N = 118 M = 29 Meff = 29.00 q = 21
Starting to calculate weights 
...Finished calculating weights 
Elapsed time is 0.003605 seconds.
### N = 118 M = 14 Meff = 14.00 q = 21
Starting to calculate weights 
...Finished calculating weights 
Elapsed time is 0.003225 seconds.
### N = 118 M = 7 Meff = 7.00 q = 21
Starting to calculate weights 
...Finished calculating weights 
Elapsed time is 0.003192 seconds.
### N = 118 M = 3 Meff = 3.00 q = 21
Starting to calculate weights 
...Finished calculating weights 
Elapsed time is 0.003082 seconds.
### N = 118 M = 1 Meff = 1.00 q = 21
Starting to calculate weights 
...Finished calculating weights 
Elapsed time is 0.161785 seconds.
### N = 118 M = 929 Meff = 699.74 q = 21
Starting to calculate weights 
...Finished calculating weights 
Elapsed time is 0.041383 seconds.
### N = 118 M = 464 Meff = 397.58 q = 21
Starting to calculate weights 
...Finished calculating weights 
Elapsed time is 0.013347 seconds.
### N = 118 M = 232 Meff = 216.00 q = 21
Starting to calculate weights 
...Finished calculating weights 
Elapsed time is 0.006196 seconds.
### N = 118 M = 116 Meff = 112.00 q = 21
Starting to calculate weights 
...Finished calculating weights 
Elapsed time is 0.004141 seconds.
### N = 118 M = 58 Meff = 57.00 q = 21
Starting to calculate weights 
...Finished calculating weights 
Elapsed time is 0.003595 seconds.
### N = 118 M = 29 Meff = 29.00 q = 21
Starting to calculate weights 
...Finished calculating weights 
Elapsed time is 0.003483 seconds.
### N = 118 M = 14 Meff = 14.00 q = 21
Starting to calculate weights 
...Finished calculating weights 
Elapsed time is 0.003364 seconds.
### N = 118 M = 7 Meff = 7.00 q = 21
Starting to calculate weights 
...Finished calculating weights 
Elapsed time is 0.003499 seconds.
### N = 118 M = 3 Meff = 3.00 q = 21
Starting to calculate weights 
...Finished calculating weights 
Elapsed time is 0.002968 seconds.
### N = 118 M = 1 Meff = 1.00 q = 21
Starting to calculate weights 
...Finished calculating weights 
Elapsed time is 0.172400 seconds.
### N = 118 M = 929 Meff = 699.74 q = 21
Starting to calculate weights 
...Finished calculating weights 
Elapsed time is 0.041378 seconds.
### N = 118 M = 464 Meff = 382.78 q = 21
Starting to calculate weights 
...Finished calculating weights 
Elapsed time is 0.013418 seconds.
### N = 118 M = 232 Meff = 206.00 q = 21
Starting to calculate weights 
...Finished calculating weights 
Elapsed time is 0.006008 seconds.
### N = 118 M = 116 Meff = 107.00 q = 21
Starting to calculate weights 
...Finished calculating weights 
Elapsed time is 0.004143 seconds.
### N = 118 M = 58 Meff = 57.00 q = 21
Starting to calculate weights 
...Finished calculating weights 
Elapsed time is 0.005127 seconds.
### N = 118 M = 29 Meff = 29.00 q = 21
Starting to calculate weights 
...Finished calculating weights 
Elapsed time is 0.003477 seconds.
### N = 118 M = 14 Meff = 14.00 q = 21
Starting to calculate weights 
...Finished calculating weights 
Elapsed time is 0.003390 seconds.
### N = 118 M = 7 Meff = 7.00 q = 21
Starting to calculate weights 
...Finished calculating weights 
Elapsed time is 0.003250 seconds.
### N = 118 M = 3 Meff = 3.00 q = 21
Starting to calculate weights 
...Finished calculating weights 
Elapsed time is 0.002939 seconds.
### N = 118 M = 1 Meff = 1.00 q = 21
Starting to calculate weights 
...Finished calculating weights 
Elapsed time is 0.158526 seconds.
### N = 118 M = 929 Meff = 699.74 q = 21
Starting to calculate weights 
...Finished calculating weights 
Elapsed time is 0.041666 seconds.
### N = 118 M = 464 Meff = 388.13 q = 21
Starting to calculate weights 
...Finished calculating weights 
Elapsed time is 0.014568 seconds.
### N = 118 M = 232 Meff = 204.83 q = 21
Starting to calculate weights 
...Finished calculating weights 
Elapsed time is 0.006199 seconds.
### N = 118 M = 116 Meff = 109.00 q = 21
Starting to calculate weights 
...Finished calculating weights 
Elapsed time is 0.004147 seconds.
### N = 118 M = 58 Meff = 56.00 q = 21
Starting to calculate weights 
...Finished calculating weights 
Elapsed time is 0.005246 seconds.
### N = 118 M = 29 Meff = 29.00 q = 21
Starting to calculate weights 
...Finished calculating weights 
Elapsed time is 0.003600 seconds.
### N = 118 M = 14 Meff = 14.00 q = 21
Starting to calculate weights 
...Finished calculating weights 
Elapsed time is 0.003266 seconds.
### N = 118 M = 7 Meff = 7.00 q = 21
Starting to calculate weights 
...Finished calculating weights 
Elapsed time is 0.003302 seconds.
### N = 118 M = 3 Meff = 3.00 q = 21
Starting to calculate weights 
...Finished calculating weights 
Elapsed time is 0.003084 seconds.
### N = 118 M = 1 Meff = 1.00 q = 21
Starting to calculate weights 
...Finished calculating weights 
Elapsed time is 0.169649 seconds.
### N = 118 M = 929 Meff = 699.74 q = 21
Starting to calculate weights 
...Finished calculating weights 
Elapsed time is 0.039933 seconds.
### N = 118 M = 464 Meff = 382.17 q = 21
Starting to calculate weights 
...Finished calculating weights 
Elapsed time is 0.013087 seconds.
### N = 118 M = 232 Meff = 200.33 q = 21
Starting to calculate weights 
...Finished calculating weights 
Elapsed time is 0.006023 seconds.
### N = 118 M = 116 Meff = 106.00 q = 21
Starting to calculate weights 
...Finished calculating weights 
Elapsed time is 0.004427 seconds.
### N = 118 M = 58 Meff = 55.00 q = 21
Starting to calculate weights 
...Finished calculating weights 
Elapsed time is 0.005280 seconds.
### N = 118 M = 29 Meff = 28.00 q = 21
Starting to calculate weights 
...Finished calculating weights 
Elapsed time is 0.003733 seconds.
### N = 118 M = 14 Meff = 14.00 q = 21
Starting to calculate weights 
...Finished calculating weights 
Elapsed time is 0.003335 seconds.
### N = 118 M = 7 Meff = 7.00 q = 21
Starting to calculate weights 
...Finished calculating weights 
Elapsed time is 0.003473 seconds.
### N = 118 M = 3 Meff = 3.00 q = 21
Starting to calculate weights 
...Finished calculating weights 
Elapsed time is 0.003170 seconds.
### N = 118 M = 1 Meff = 1.00 q = 21
Starting to calculate weights 
...Finished calculating weights 
Elapsed time is 0.167174 seconds.
### N = 118 M = 929 Meff = 699.74 q = 21
Starting to calculate weights 
...Finished calculating weights 
Elapsed time is 0.040923 seconds.
### N = 118 M = 464 Meff = 385.00 q = 21
Starting to calculate weights 
...Finished calculating weights 
Elapsed time is 0.013378 seconds.
### N = 118 M = 232 Meff = 207.00 q = 21
Starting to calculate weights 
...Finished calculating weights 
Elapsed time is 0.006507 seconds.
### N = 118 M = 116 Meff = 109.00 q = 21
Starting to calculate weights 
...Finished calculating weights 
Elapsed time is 0.005915 seconds.
### N = 118 M = 58 Meff = 57.00 q = 21
Starting to calculate weights 
...Finished calculating weights 
Elapsed time is 0.004188 seconds.
### N = 118 M = 29 Meff = 29.00 q = 21
Starting to calculate weights 
...Finished calculating weights 
Elapsed time is 0.003556 seconds.
### N = 118 M = 14 Meff = 14.00 q = 21
Starting to calculate weights 
...Finished calculating weights 
Elapsed time is 0.003322 seconds.
### N = 118 M = 7 Meff = 7.00 q = 21
Starting to calculate weights 
...Finished calculating weights 
Elapsed time is 0.003315 seconds.
### N = 118 M = 3 Meff = 3.00 q = 21
Starting to calculate weights 
...Finished calculating weights 
Elapsed time is 0.003016 seconds.
### N = 118 M = 1 Meff = 1.00 q = 21
Starting to calculate weights 
...Finished calculating weights 
Elapsed time is 0.161633 seconds.
### N = 118 M = 929 Meff = 699.74 q = 21
Starting to calculate weights 
...Finished calculating weights 
Elapsed time is 0.041683 seconds.
### N = 118 M = 464 Meff = 387.27 q = 21
Starting to calculate weights 
...Finished calculating weights 
Elapsed time is 0.013198 seconds.
### N = 118 M = 232 Meff = 210.33 q = 21
Starting to calculate weights 
...Finished calculating weights 
Elapsed time is 0.006330 seconds.
### N = 118 M = 116 Meff = 109.33 q = 21
Starting to calculate weights 
...Finished calculating weights 
Elapsed time is 0.004254 seconds.
### N = 118 M = 58 Meff = 55.00 q = 21
Starting to calculate weights 
...Finished calculating weights 
Elapsed time is 0.003972 seconds.
### N = 118 M = 29 Meff = 29.00 q = 21
Starting to calculate weights 
...Finished calculating weights 
Elapsed time is 0.003571 seconds.
### N = 118 M = 14 Meff = 14.00 q = 21
Starting to calculate weights 
...Finished calculating weights 
Elapsed time is 0.003396 seconds.
### N = 118 M = 7 Meff = 7.00 q = 21
Starting to calculate weights 
...Finished calculating weights 
Elapsed time is 0.003244 seconds.
### N = 118 M = 3 Meff = 3.00 q = 21
Starting to calculate weights 
...Finished calculating weights 
Elapsed time is 0.003147 seconds.
### N = 118 M = 1 Meff = 1.00 q = 21
Starting to calculate weights 
...Finished calculating weights 
Elapsed time is 0.167310 seconds.
### N = 118 M = 929 Meff = 699.74 q = 21
Starting to calculate weights 
...Finished calculating weights 
Elapsed time is 0.040640 seconds.
### N = 118 M = 464 Meff = 389.33 q = 21
Starting to calculate weights 
...Finished calculating weights 
Elapsed time is 0.013495 seconds.
### N = 118 M = 232 Meff = 207.00 q = 21
Starting to calculate weights 
...Finished calculating weights 
Elapsed time is 0.006291 seconds.
### N = 118 M = 116 Meff = 108.00 q = 21
Starting to calculate weights 
...Finished calculating weights 
Elapsed time is 0.004648 seconds.
### N = 118 M = 58 Meff = 55.00 q = 21
Starting to calculate weights 
...Finished calculating weights 
Elapsed time is 0.003778 seconds.
### N = 118 M = 29 Meff = 29.00 q = 21
Starting to calculate weights 
...Finished calculating weights 
Elapsed time is 0.003533 seconds.
### N = 118 M = 14 Meff = 14.00 q = 21
Starting to calculate weights 
...Finished calculating weights 
Elapsed time is 0.003206 seconds.
### N = 118 M = 7 Meff = 7.00 q = 21
Starting to calculate weights 
...Finished calculating weights 
Elapsed time is 0.003276 seconds.
### N = 118 M = 3 Meff = 3.00 q = 21
Starting to calculate weights 
...Finished calculating weights 
Elapsed time is 0.003085 seconds.
### N = 118 M = 1 Meff = 1.00 q = 21
Starting to calculate weights 
...Finished calculating weights 
Elapsed time is 0.168916 seconds.
### N = 118 M = 929 Meff = 699.74 q = 21
Starting to calculate weights 
...Finished calculating weights 
Elapsed time is 0.041031 seconds.
### N = 118 M = 464 Meff = 399.45 q = 21
Starting to calculate weights 
...Finished calculating weights 
Elapsed time is 0.013018 seconds.
### N = 118 M = 232 Meff = 213.00 q = 21
Starting to calculate weights 
...Finished calculating weights 
Elapsed time is 0.008547 seconds.
### N = 118 M = 116 Meff = 110.00 q = 21
Starting to calculate weights 
...Finished calculating weights 
Elapsed time is 0.004317 seconds.
### N = 118 M = 58 Meff = 55.00 q = 21
Starting to calculate weights 
...Finished calculating weights 
Elapsed time is 0.004176 seconds.
### N = 118 M = 29 Meff = 28.00 q = 21
Starting to calculate weights 
...Finished calculating weights 
Elapsed time is 0.003566 seconds.
### N = 118 M = 14 Meff = 14.00 q = 21
Starting to calculate weights 
...Finished calculating weights 
Elapsed time is 0.003310 seconds.
### N = 118 M = 7 Meff = 7.00 q = 21
Starting to calculate weights 
...Finished calculating weights 
Elapsed time is 0.003287 seconds.
### N = 118 M = 3 Meff = 3.00 q = 21
Starting to calculate weights 
...Finished calculating weights 
Elapsed time is 0.003013 seconds.
### N = 118 M = 1 Meff = 1.00 q = 21
Starting to calculate weights 
...Finished calculating weights 
Elapsed time is 0.171436 seconds.
### N = 118 M = 929 Meff = 699.74 q = 21
Starting to calculate weights 
...Finished calculating weights 
Elapsed time is 0.041362 seconds.
### N = 118 M = 464 Meff = 399.83 q = 21
Starting to calculate weights 
...Finished calculating weights 
Elapsed time is 0.013257 seconds.
### N = 118 M = 232 Meff = 209.00 q = 21
Starting to calculate weights 
...Finished calculating weights 
Elapsed time is 0.006880 seconds.
### N = 118 M = 116 Meff = 106.00 q = 21
Starting to calculate weights 
...Finished calculating weights 
Elapsed time is 0.004501 seconds.
### N = 118 M = 58 Meff = 56.00 q = 21
Starting to calculate weights 
...Finished calculating weights 
Elapsed time is 0.003643 seconds.
### N = 118 M = 29 Meff = 29.00 q = 21
Starting to calculate weights 
...Finished calculating weights 
Elapsed time is 0.003487 seconds.
### N = 118 M = 14 Meff = 14.00 q = 21
Starting to calculate weights 
...Finished calculating weights 
Elapsed time is 0.003321 seconds.
### N = 118 M = 7 Meff = 7.00 q = 21
Starting to calculate weights 
...Finished calculating weights 
Elapsed time is 0.003230 seconds.
### N = 118 M = 3 Meff = 3.00 q = 21
Starting to calculate weights 
...Finished calculating weights 
Elapsed time is 0.002982 seconds.
### N = 118 M = 1 Meff = 1.00 q = 21
Starting to calculate weights 
...Finished calculating weights 
Elapsed time is 0.168818 seconds.
### N = 118 M = 929 Meff = 699.74 q = 21
Starting to calculate weights 
...Finished calculating weights 
Elapsed time is 0.039636 seconds.
### N = 118 M = 464 Meff = 389.25 q = 21
Starting to calculate weights 
...Finished calculating weights 
Elapsed time is 0.013377 seconds.
### N = 118 M = 232 Meff = 204.00 q = 21
Starting to calculate weights 
...Finished calculating weights 
Elapsed time is 0.008579 seconds.
### N = 118 M = 116 Meff = 107.00 q = 21
Starting to calculate weights 
...Finished calculating weights 
Elapsed time is 0.004197 seconds.
### N = 118 M = 58 Meff = 57.00 q = 21
Starting to calculate weights 
...Finished calculating weights 
Elapsed time is 0.003709 seconds.
### N = 118 M = 29 Meff = 29.00 q = 21
Starting to calculate weights 
...Finished calculating weights 
Elapsed time is 0.003627 seconds.
### N = 118 M = 14 Meff = 14.00 q = 21
Starting to calculate weights 
...Finished calculating weights 
Elapsed time is 0.003296 seconds.
### N = 118 M = 7 Meff = 7.00 q = 21
Starting to calculate weights 
...Finished calculating weights 
Elapsed time is 0.003310 seconds.
### N = 118 M = 3 Meff = 3.00 q = 21
Starting to calculate weights 
...Finished calculating weights 
Elapsed time is 0.002974 seconds.
### N = 118 M = 1 Meff = 1.00 q = 21
Starting to calculate weights 
...Finished calculating weights 
Elapsed time is 0.168900 seconds.
### N = 118 M = 929 Meff = 699.74 q = 21
Starting to calculate weights 
...Finished calculating weights 
Elapsed time is 0.040403 seconds.
### N = 118 M = 464 Meff = 395.85 q = 21
Starting to calculate weights 
...Finished calculating weights 
Elapsed time is 0.013612 seconds.
### N = 118 M = 232 Meff = 209.00 q = 21
Starting to calculate weights 
...Finished calculating weights 
Elapsed time is 0.006161 seconds.
### N = 118 M = 116 Meff = 107.00 q = 21
Starting to calculate weights 
...Finished calculating weights 
Elapsed time is 0.005378 seconds.
### N = 118 M = 58 Meff = 54.00 q = 21
Starting to calculate weights 
...Finished calculating weights 
Elapsed time is 0.003770 seconds.
### N = 118 M = 29 Meff = 27.00 q = 21
Starting to calculate weights 
...Finished calculating weights 
Elapsed time is 0.003695 seconds.
### N = 118 M = 14 Meff = 13.00 q = 21
Starting to calculate weights 
...Finished calculating weights 
Elapsed time is 0.003418 seconds.
### N = 118 M = 7 Meff = 7.00 q = 21
Starting to calculate weights 
...Finished calculating weights 
Elapsed time is 0.003362 seconds.
### N = 118 M = 3 Meff = 3.00 q = 21
Starting to calculate weights 
...Finished calculating weights 
Elapsed time is 0.002994 seconds.
### N = 118 M = 1 Meff = 1.00 q = 21
Starting to calculate weights 
...Finished calculating weights 
Elapsed time is 0.174252 seconds.
### N = 118 M = 929 Meff = 699.74 q = 21
Starting to calculate weights 
...Finished calculating weights 
Elapsed time is 0.041670 seconds.
### N = 118 M = 464 Meff = 391.58 q = 21
Starting to calculate weights 
...Finished calculating weights 
Elapsed time is 0.018827 seconds.
### N = 118 M = 232 Meff = 206.67 q = 21
Starting to calculate weights 
...Finished calculating weights 
Elapsed time is 0.006113 seconds.
### N = 118 M = 116 Meff = 107.33 q = 21
Starting to calculate weights 
...Finished calculating weights 
Elapsed time is 0.004166 seconds.
### N = 118 M = 58 Meff = 56.00 q = 21
Starting to calculate weights 
...Finished calculating weights 
Elapsed time is 0.003807 seconds.
### N = 118 M = 29 Meff = 29.00 q = 21
Starting to calculate weights 
...Finished calculating weights 
Elapsed time is 0.004894 seconds.
### N = 118 M = 14 Meff = 14.00 q = 21
Starting to calculate weights 
...Finished calculating weights 
Elapsed time is 0.003487 seconds.
### N = 118 M = 7 Meff = 7.00 q = 21
Starting to calculate weights 
...Finished calculating weights 
Elapsed time is 0.003159 seconds.
### N = 118 M = 3 Meff = 3.00 q = 21
Starting to calculate weights 
...Finished calculating weights 
Elapsed time is 0.003063 seconds.
### N = 118 M = 1 Meff = 1.00 q = 21
Starting to calculate weights 
...Finished calculating weights 
Elapsed time is 0.170041 seconds.
### N = 118 M = 929 Meff = 699.74 q = 21
Starting to calculate weights 
...Finished calculating weights 
Elapsed time is 0.041544 seconds.
### N = 118 M = 464 Meff = 393.00 q = 21
Starting to calculate weights 
...Finished calculating weights 
Elapsed time is 0.013379 seconds.
### N = 118 M = 232 Meff = 213.00 q = 21
Starting to calculate weights 
...Finished calculating weights 
Elapsed time is 0.006274 seconds.
### N = 118 M = 116 Meff = 108.00 q = 21
Starting to calculate weights 
...Finished calculating weights 
Elapsed time is 0.004393 seconds.
### N = 118 M = 58 Meff = 56.00 q = 21
Starting to calculate weights 
...Finished calculating weights 
Elapsed time is 0.003729 seconds.
### N = 118 M = 29 Meff = 29.00 q = 21
Starting to calculate weights 
...Finished calculating weights 
Elapsed time is 0.003612 seconds.
### N = 118 M = 14 Meff = 14.00 q = 21
Starting to calculate weights 
...Finished calculating weights 
Elapsed time is 0.003304 seconds.
### N = 118 M = 7 Meff = 7.00 q = 21
Starting to calculate weights 
...Finished calculating weights 
Elapsed time is 0.003233 seconds.
### N = 118 M = 3 Meff = 3.00 q = 21
Starting to calculate weights 
...Finished calculating weights 
Elapsed time is 0.003232 seconds.
### N = 118 M = 1 Meff = 1.00 q = 21
Starting to calculate weights 
...Finished calculating weights 
Elapsed time is 0.162634 seconds.
### N = 118 M = 929 Meff = 699.74 q = 21
Starting to calculate weights 
...Finished calculating weights 
Elapsed time is 0.040810 seconds.
### N = 118 M = 464 Meff = 386.32 q = 21
Starting to calculate weights 
...Finished calculating weights 
Elapsed time is 0.013266 seconds.
### N = 118 M = 232 Meff = 211.33 q = 21
Starting to calculate weights 
...Finished calculating weights 
Elapsed time is 0.006143 seconds.
### N = 118 M = 116 Meff = 113.00 q = 21
Starting to calculate weights 
...Finished calculating weights 
Elapsed time is 0.005465 seconds.
### N = 118 M = 58 Meff = 57.00 q = 21
Starting to calculate weights 
...Finished calculating weights 
Elapsed time is 0.003839 seconds.
### N = 118 M = 29 Meff = 28.00 q = 21
Starting to calculate weights 
...Finished calculating weights 
Elapsed time is 0.004936 seconds.
### N = 118 M = 14 Meff = 14.00 q = 21
Starting to calculate weights 
...Finished calculating weights 
Elapsed time is 0.003457 seconds.
### N = 118 M = 7 Meff = 7.00 q = 21
Starting to calculate weights 
...Finished calculating weights 
Elapsed time is 0.003264 seconds.
### N = 118 M = 3 Meff = 3.00 q = 21
Starting to calculate weights 
...Finished calculating weights 
Elapsed time is 0.003061 seconds.
### N = 118 M = 1 Meff = 1.00 q = 21
Starting to calculate weights 
...Finished calculating weights 
Elapsed time is 0.170057 seconds.
### N = 118 M = 929 Meff = 699.74 q = 21
Starting to calculate weights 
...Finished calculating weights 
Elapsed time is 0.041513 seconds.
### N = 118 M = 464 Meff = 381.32 q = 21
Starting to calculate weights 
...Finished calculating weights 
Elapsed time is 0.013255 seconds.
### N = 118 M = 232 Meff = 202.42 q = 21
Starting to calculate weights 
...Finished calculating weights 
Elapsed time is 0.006136 seconds.
### N = 118 M = 116 Meff = 104.00 q = 21
Starting to calculate weights 
...Finished calculating weights 
Elapsed time is 0.004350 seconds.
### N = 118 M = 58 Meff = 55.00 q = 21
Starting to calculate weights 
...Finished calculating weights 
Elapsed time is 0.003645 seconds.
### N = 118 M = 29 Meff = 29.00 q = 21
Starting to calculate weights 
...Finished calculating weights 
Elapsed time is 0.003630 seconds.
### N = 118 M = 14 Meff = 14.00 q = 21
Starting to calculate weights 
...Finished calculating weights 
Elapsed time is 0.003393 seconds.
### N = 118 M = 7 Meff = 7.00 q = 21
Starting to calculate weights 
...Finished calculating weights 
Elapsed time is 0.003433 seconds.
### N = 118 M = 3 Meff = 3.00 q = 21
Starting to calculate weights 
...Finished calculating weights 
Elapsed time is 0.003238 seconds.
### N = 118 M = 1 Meff = 1.00 q = 21
Starting to calculate weights 
...Finished calculating weights 
Elapsed time is 0.170165 seconds.
### N = 118 M = 929 Meff = 699.74 q = 21
Starting to calculate weights 
...Finished calculating weights 
Elapsed time is 0.041143 seconds.
### N = 118 M = 464 Meff = 398.45 q = 21
Starting to calculate weights 
...Finished calculating weights 
Elapsed time is 0.018207 seconds.
### N = 118 M = 232 Meff = 214.00 q = 21
Starting to calculate weights 
...Finished calculating weights 
Elapsed time is 0.006364 seconds.
### N = 118 M = 116 Meff = 114.00 q = 21
Starting to calculate weights 
...Finished calculating weights 
Elapsed time is 0.004313 seconds.
### N = 118 M = 58 Meff = 57.00 q = 21
Starting to calculate weights 
...Finished calculating weights 
Elapsed time is 0.005731 seconds.
### N = 118 M = 29 Meff = 29.00 q = 21
Starting to calculate weights 
...Finished calculating weights 
Elapsed time is 0.003494 seconds.
### N = 118 M = 14 Meff = 14.00 q = 21
